<?xml version="1.0" encoding="UTF-8"?>
<testng-results skipped="0" failed="1" ignored="0" total="3" passed="2">
  <reporter-output>
  </reporter-output>
  <suite name="Default suite" duration-ms="63327" started-at="2018-07-23T09:57:05Z" finished-at="2018-07-23T09:58:08Z">
    <groups>
    </groups>
    <test name="Default test" duration-ms="63327" started-at="2018-07-23T09:57:05Z" finished-at="2018-07-23T09:58:08Z">
      <class name="com.sugarcrm.testcases.LoginPageTest">
        <test-method status="PASS" signature="setUp()[pri:0, instance:com.sugarcrm.testcases.LoginPageTest@f6c48ac]" name="setUp" is-config="true" duration-ms="11682" started-at="2018-07-23T09:57:05Z" finished-at="2018-07-23T09:57:16Z">
          <reporter-output>
          </reporter-output>
        </test-method> <!-- setUp -->
        <test-method status="FAIL" signature="verifyLoginPageTitleTest()[pri:1, instance:com.sugarcrm.testcases.LoginPageTest@f6c48ac]" name="verifyLoginPageTitleTest" duration-ms="48" started-at="2018-07-23T09:57:16Z" finished-at="2018-07-23T09:57:16Z">
          <exception class="java.lang.AssertionError">
            <message>
              <![CDATA[expected [SugarcRM] but found [SugarCRM]]]>
            </message>
            <full-stacktrace>
              <![CDATA[java.lang.AssertionError: expected [SugarcRM] but found [SugarCRM]
at org.testng.Assert.fail(Assert.java:96)
at org.testng.Assert.failNotEquals(Assert.java:776)
at org.testng.Assert.assertEqualsImpl(Assert.java:137)
at org.testng.Assert.assertEquals(Assert.java:118)
at org.testng.Assert.assertEquals(Assert.java:453)
at org.testng.Assert.assertEquals(Assert.java:463)
at com.sugarcrm.testcases.LoginPageTest.verifyLoginPageTitleTest(LoginPageTest.java:33)
at sun.reflect.NativeMethodAccessorImpl.invoke0(Native Method)
at sun.reflect.NativeMethodAccessorImpl.invoke(Unknown Source)
at sun.reflect.DelegatingMethodAccessorImpl.invoke(Unknown Source)
at java.lang.reflect.Method.invoke(Unknown Source)
at org.testng.internal.MethodInvocationHelper.invokeMethod(MethodInvocationHelper.java:124)
at org.testng.internal.Invoker.invokeMethod(Invoker.java:583)
at org.testng.internal.Invoker.invokeTestMethod(Invoker.java:719)
at org.testng.internal.Invoker.invokeTestMethods(Invoker.java:989)
at org.testng.internal.TestMethodWorker.invokeTestMethods(TestMethodWorker.java:125)
at org.testng.internal.TestMethodWorker.run(TestMethodWorker.java:109)
at org.testng.TestRunner.privateRun(TestRunner.java:648)
at org.testng.TestRunner.run(TestRunner.java:505)
at org.testng.SuiteRunner.runTest(SuiteRunner.java:455)
at org.testng.SuiteRunner.runSequentially(SuiteRunner.java:450)
at org.testng.SuiteRunner.privateRun(SuiteRunner.java:415)
at org.testng.SuiteRunner.run(SuiteRunner.java:364)
at org.testng.SuiteRunnerWorker.runSuite(SuiteRunnerWorker.java:52)
at org.testng.SuiteRunnerWorker.run(SuiteRunnerWorker.java:84)
at org.testng.TestNG.runSuitesSequentially(TestNG.java:1208)
at org.testng.TestNG.runSuitesLocally(TestNG.java:1137)
at org.testng.TestNG.runSuites(TestNG.java:1049)
at org.testng.TestNG.run(TestNG.java:1017)
at org.testng.remote.AbstractRemoteTestNG.run(AbstractRemoteTestNG.java:114)
at org.testng.remote.RemoteTestNG.initAndRun(RemoteTestNG.java:251)
at org.testng.remote.RemoteTestNG.main(RemoteTestNG.java:77)
]]>
            </full-stacktrace>
          </exception> <!-- java.lang.AssertionError -->
          <reporter-output>
          </reporter-output>
        </test-method> <!-- verifyLoginPageTitleTest -->
        <test-method status="PASS" signature="close()[pri:0, instance:com.sugarcrm.testcases.LoginPageTest@f6c48ac]" name="close" is-config="true" duration-ms="1292" started-at="2018-07-23T09:57:16Z" finished-at="2018-07-23T09:57:18Z">
          <reporter-output>
          </reporter-output>
        </test-method> <!-- close -->
        <test-method status="PASS" signature="setUp()[pri:0, instance:com.sugarcrm.testcases.LoginPageTest@f6c48ac]" name="setUp" is-config="true" duration-ms="13312" started-at="2018-07-23T09:57:18Z" finished-at="2018-07-23T09:57:31Z">
          <reporter-output>
          </reporter-output>
        </test-method> <!-- setUp -->
        <test-method status="PASS" signature="verifyCompanyLogoTest()[pri:2, instance:com.sugarcrm.testcases.LoginPageTest@f6c48ac]" name="verifyCompanyLogoTest" duration-ms="84" started-at="2018-07-23T09:57:31Z" finished-at="2018-07-23T09:57:31Z">
          <reporter-output>
          </reporter-output>
        </test-method> <!-- verifyCompanyLogoTest -->
        <test-method status="PASS" signature="close()[pri:0, instance:com.sugarcrm.testcases.LoginPageTest@f6c48ac]" name="close" is-config="true" duration-ms="937" started-at="2018-07-23T09:57:31Z" finished-at="2018-07-23T09:57:32Z">
          <reporter-output>
          </reporter-output>
        </test-method> <!-- close -->
        <test-method status="PASS" signature="setUp()[pri:0, instance:com.sugarcrm.testcases.LoginPageTest@f6c48ac]" name="setUp" is-config="true" duration-ms="19127" started-at="2018-07-23T09:57:32Z" finished-at="2018-07-23T09:57:51Z">
          <reporter-output>
          </reporter-output>
        </test-method> <!-- setUp -->
        <test-method status="PASS" signature="loginTest()[pri:3, instance:com.sugarcrm.testcases.LoginPageTest@f6c48ac]" name="loginTest" duration-ms="15850" started-at="2018-07-23T09:57:51Z" finished-at="2018-07-23T09:58:07Z">
          <reporter-output>
          </reporter-output>
        </test-method> <!-- loginTest -->
        <test-method status="PASS" signature="close()[pri:0, instance:com.sugarcrm.testcases.LoginPageTest@f6c48ac]" name="close" is-config="true" duration-ms="933" started-at="2018-07-23T09:58:07Z" finished-at="2018-07-23T09:58:08Z">
          <reporter-output>
          </reporter-output>
        </test-method> <!-- close -->
      </class> <!-- com.sugarcrm.testcases.LoginPageTest -->
    </test> <!-- Default test -->
  </suite> <!-- Default suite -->
</testng-results>
